 ---=== Start Migration of project KASGSilo ===---
 * Task [MoveHDFSAndHCatalogToHadoopFolderMigrationTask] : Applied successfully
 * Task [Fix a problem of project resources linked to items] : Nothing to do
 * Task [PushHCatalogIntoHadoopClusterMigrationTask] : Nothing to do
 * Task [PushHDFSIntoHadoopClusterMigrationTask] : Nothing to do
 * Task [UnifyPasswordEncryption4NoSQLConnectionMigrationTask] : Nothing to do
 * Task [ChangeReadByParameter4tFileInputJSON] : Applied successfully
 * Task [SetUrltStewardshipXXXTDI32354] : Applied successfully
 * Task [MdmAddVersionMigrationTask] : Nothing to do
 * Task [SetDefaultVauleMDMServerVersionFeatureTDI31722] : Applied successfully
 * Task [CorrectBatchSizeForDBComponents] : Applied successfully
 * Task [CorrectBatchSizeForDBComponentsMore] : Applied successfully
 * Task [ChangeDefaultValue4JSONComponents] : Applied successfully
 * Task [MapNetsuiteOperatorValueTDI32245] : Applied successfully
 * Task [ChangeMongoDBMinimalVersion] : Applied successfully
 * Task [ODBCMigrationTask] : Applied successfully
 * Task [ActivateQueryLogging] : Applied successfully
 * Task [MigrateEncoding4tSalesforceWave] : Applied successfully
 * Task [AccessMigrationTask] : Applied successfully
 * Task [MigrateDeprecatedHadoopDistribution1] : Applied successfully
 * Task [AutoUpdateRelationsMigrationTask] : Applied successfully
 ---=== Enf of migration ===---
